> Task :app:preBuild UP-TO-DATE
> Task :app:preDebugBuild UP-TO-DATE
> Task :app:mergeDebugNativeDebugMetadata NO-SOURCE
> Task :app:checkKotlinGradlePluginConfigurationErrors SKIPPED
> Task :app:checkDebugAarMetadata UP-TO-DATE
> Task :app:processDebugNavigationResources UP-TO-DATE
> Task :app:compileDebugNavigationResources UP-TO-DATE
> Task :app:generateDebugResValues UP-TO-DATE
> Task :app:processDebugGoogleServices UP-TO-DATE
> Task :app:mapDebugSourceSetPaths UP-TO-DATE
> Task :app:generateDebugResources UP-TO-DATE
> Task :app:mergeDebugResources UP-TO-DATE
> Task :app:packageDebugResources UP-TO-DATE
> Task :app:parseDebugLocalResources UP-TO-DATE
> Task :app:createDebugCompatibleScreenManifests UP-TO-DATE
> Task :app:extractDeepLinksDebug UP-TO-DATE
> Task :app:processDebugMainManifest UP-TO-DATE
> Task :app:processDebugManifest UP-TO-DATE
> Task :app:processDebugManifestForPackage UP-TO-DATE
> Task :app:processDebugResources UP-TO-DATE
> Task :app:javaPreCompileDebug UP-TO-DATE
> Task :app:mergeDebugShaders UP-TO-DATE
> Task :app:compileDebugShaders NO-SOURCE
> Task :app:generateDebugAssets UP-TO-DATE
> Task :app:mergeDebugAssets UP-TO-DATE
> Task :app:compressDebugAssets UP-TO-DATE
> Task :app:checkDebugDuplicateClasses UP-TO-DATE
> Task :app:desugarDebugFileDependencies UP-TO-DATE
> Task :app:mergeExtDexDebug UP-TO-DATE
> Task :app:mergeLibDexDebug UP-TO-DATE
> Task :app:mergeDebugJniLibFolders UP-TO-DATE
> Task :app:mergeDebugNativeLibs UP-TO-DATE
> Task :app:stripDebugDebugSymbols UP-TO-DATE
> Task :app:validateSigningDebug UP-TO-DATE
> Task :app:writeDebugAppMetadata UP-TO-DATE
> Task :app:writeDebugSigningConfigVersions UP-TO-DATE
> Task :app:kspDebugKotlin
> Task :app:compileDebugKotlin
w: file:///C:/Users/Veesh/AndroidStudioProjects/AutoPark/app/src/main/java/com/example/autopark/data/repository/InvoiceRepository.kt:61:78 Unchecked cast of 'java.util.HashMap<kotlin.String, kotlin.Any?>' to 'kotlin.collections.Map<kotlin.String, kotlin.Any>'.
w: file:///C:/Users/Veesh/AndroidStudioProjects/AutoPark/app/src/main/java/com/example/autopark/data/repository/OverdueChargeRepository.kt:61:83 Unchecked cast of 'java.util.HashMap<kotlin.String, kotlin.Any?>' to 'kotlin.collections.Map<kotlin.String, kotlin.Any>'.
w: file:///C:/Users/Veesh/AndroidStudioProjects/AutoPark/app/src/main/java/com/example/autopark/data/repository/ParkingTransactionRepository.kt:56:40 Unchecked cast of 'java.util.HashMap<kotlin.String, kotlin.Any?>' to 'kotlin.collections.Map<kotlin.String, kotlin.Any>'.
w: file:///C:/Users/Veesh/AndroidStudioProjects/AutoPark/app/src/main/java/com/example/autopark/di/AppModule.kt:30:13 'var isPersistenceEnabled: Boolean' is deprecated. Deprecated in Java.
w: file:///C:/Users/Veesh/AndroidStudioProjects/AutoPark/app/src/main/java/com/example/autopark/ui/screens/admin/AdminOverdueChargesScreen.kt:298:13 'fun Divider(modifier: Modifier = ..., thickness: Dp = ..., color: Color = ...): Unit' is deprecated. Renamed to HorizontalDivider.
w: file:///C:/Users/Veesh/AndroidStudioProjects/AutoPark/app/src/main/java/com/example/autopark/ui/screens/admin/QRScannerScreen.kt:1:1 Annotation 'androidx.camera.core.ExperimentalGetImage' is not annotated with '@RequiresOptIn'. '@OptIn' has no effect.
w: file:///C:/Users/Veesh/AndroidStudioProjects/AutoPark/app/src/main/java/com/example/autopark/ui/screens/admin/QRScannerScreen.kt:47:26 'val LocalLifecycleOwner: ProvidableCompositionLocal<LifecycleOwner>' is deprecated. Moved to lifecycle-runtime-compose library in androidx.lifecycle.compose package.
w: file:///C:/Users/Veesh/AndroidStudioProjects/AutoPark/app/src/main/java/com/example/autopark/ui/screens/admin/QRScannerScreen.kt:218:26 'val LocalLifecycleOwner: ProvidableCompositionLocal<LifecycleOwner>' is deprecated. Moved to lifecycle-runtime-compose library in androidx.lifecycle.compose package.
w: file:///C:/Users/Veesh/AndroidStudioProjects/AutoPark/app/src/main/java/com/example/autopark/ui/screens/admin/VehicleManagementScreen.kt:279:45 'fun Modifier.menuAnchor(): Modifier' is deprecated. Use overload that takes MenuAnchorType and enabled parameters.
w: file:///C:/Users/Veesh/AndroidStudioProjects/AutoPark/app/src/main/java/com/example/autopark/ui/screens/driver/DriverProfileScreen.kt:168:46 'val Icons.Filled.ArrowBack: ImageVector' is deprecated. Use the AutoMirrored version at Icons.AutoMirrored.Filled.ArrowBack.
w: file:///C:/Users/Veesh/AndroidStudioProjects/AutoPark/app/src/main/java/com/example/autopark/util/CurrencyFormatter.kt:8:62 'constructor(p0: String!, p1: String!): Locale' is deprecated. Deprecated in Java.
w: file:///C:/Users/Veesh/AndroidStudioProjects/AutoPark/app/src/main/java/com/example/autopark/util/CurrencyFormatter.kt:19:52 'constructor(p0: String!, p1: String!): Locale' is deprecated. Deprecated in Java.

> Task :app:compileDebugJavaWithJavac FAILED

FAILURE: Build failed with an exception.

* What went wrong:
Execution failed for task ':app:compileDebugJavaWithJavac'.
> Could not resolve all files for configuration ':app:androidJdkImage'.
   > Failed to transform core-for-system-modules.jar to match attributes {artifactType=_internal_android_jdk_image, org.gradle.libraryelements=jar, org.gradle.usage=java-runtime}.
      > Execution failed for JdkImageTransform: C:\Users\Veesh\AppData\Local\Android\Sdk\platforms\android-36\core-for-system-modules.jar.
         > jlink executable C:\Users\Veesh\.local\share\opencode\bin\kotlin-ls\jre\bin\jlink.exe does not exist.

* Try:
> Run with --stacktrace option to get the stack trace.
> Run with --info or --debug option to get more log output.
> Run with --scan to get full insights.
> Get more help at https://help.gradle.org.

BUILD FAILED in 1m 39s
33 actionable tasks: 3 executed, 30 up-to-date
